[25-Dec-2025 06:53:34 Asia/Jakarta] Total Debit: 290000, Total Kredit: 0
[25-Dec-2025 06:53:34 Asia/Jakarta] Saldo Bersih: 290000
[26-Dec-2025 09:15:27 Asia/Jakarta] Total Debit: 350000, Total Kredit: 0
[26-Dec-2025 09:15:27 Asia/Jakarta] Saldo Bersih: 350000
[26-Dec-2025 18:00:34 Asia/Jakarta] Total Debit: 350000, Total Kredit: 0
[26-Dec-2025 18:00:34 Asia/Jakarta] Saldo Bersih: 350000
[26-Dec-2025 18:00:42 Asia/Jakarta] Total Debit: 350000, Total Kredit: 0
[26-Dec-2025 18:00:42 Asia/Jakarta] Saldo Bersih: 350000
[30-Dec-2025 09:51:04 Asia/Jakarta] Total Debit: 0, Total Kredit: 0
[30-Dec-2025 09:51:04 Asia/Jakarta] Saldo Bersih: 0
[30-Dec-2025 11:17:09 Asia/Jakarta] Total Debit: 0, Total Kredit: 0
[30-Dec-2025 11:17:09 Asia/Jakarta] Saldo Bersih: 0
[30-Dec-2025 11:17:30 Asia/Jakarta] Total Debit: 0, Total Kredit: 0
[30-Dec-2025 11:17:30 Asia/Jakarta] Saldo Bersih: 0
[04-Jan-2026 14:13:17 Asia/Jakarta] PHP Fatal error:  Uncaught TypeError: Unsupported operand types: string - float in C:\laragon\www\schobank\pages\admin\data_riwayat_transaksi_admin.php:860
Stack trace:
#0 {main}
  thrown in C:\laragon\www\schobank\pages\admin\data_riwayat_transaksi_admin.php on line 860
[04-Jan-2026 14:14:19 Asia/Jakarta] PHP Fatal error:  Uncaught TypeError: Unsupported operand types: string - int in C:\laragon\www\schobank\pages\admin\data_riwayat_transaksi_admin.php:872
Stack trace:
#0 {main}
  thrown in C:\laragon\www\schobank\pages\admin\data_riwayat_transaksi_admin.php on line 872
[04-Jan-2026 14:15:47 Asia/Jakarta] PHP Fatal error:  Uncaught TypeError: Unsupported operand types: string - int in C:\laragon\www\schobank\pages\admin\data_riwayat_transaksi_admin.php:872
Stack trace:
#0 {main}
  thrown in C:\laragon\www\schobank\pages\admin\data_riwayat_transaksi_admin.php on line 872
[04-Jan-2026 14:16:51 Asia/Jakarta] PHP Fatal error:  Uncaught TypeError: Unsupported operand types: string - int in C:\laragon\www\schobank\pages\admin\data_riwayat_transaksi_admin.php:872
Stack trace:
#0 {main}
  thrown in C:\laragon\www\schobank\pages\admin\data_riwayat_transaksi_admin.php on line 872
[04-Jan-2026 14:17:55 Asia/Jakarta] PHP Fatal error:  Uncaught TypeError: Unsupported operand types: string - int in C:\laragon\www\schobank\pages\admin\data_riwayat_transaksi_admin.php:872
Stack trace:
#0 {main}
  thrown in C:\laragon\www\schobank\pages\admin\data_riwayat_transaksi_admin.php on line 872
[04-Jan-2026 14:18:15 Asia/Jakarta] PHP Fatal error:  Uncaught TypeError: Unsupported operand types: string - int in C:\laragon\www\schobank\pages\admin\data_riwayat_transaksi_admin.php:872
Stack trace:
#0 {main}
  thrown in C:\laragon\www\schobank\pages\admin\data_riwayat_transaksi_admin.php on line 872
[04-Jan-2026 14:42:44 Asia/Jakarta] PHP Fatal error:  Uncaught TypeError: Unsupported operand types: string - int in C:\laragon\www\schobank\pages\admin\data_riwayat_transaksi_admin.php:901
Stack trace:
#0 {main}
  thrown in C:\laragon\www\schobank\pages\admin\data_riwayat_transaksi_admin.php on line 901
[04-Jan-2026 14:43:21 Asia/Jakarta] PHP Fatal error:  Uncaught TypeError: Unsupported operand types: string - int in C:\laragon\www\schobank\pages\admin\data_riwayat_transaksi_admin.php:901
Stack trace:
#0 {main}
  thrown in C:\laragon\www\schobank\pages\admin\data_riwayat_transaksi_admin.php on line 901
[04-Jan-2026 14:44:15 Asia/Jakarta] PHP Fatal error:  Uncaught TypeError: Unsupported operand types: string - int in C:\laragon\www\schobank\pages\admin\data_riwayat_transaksi_admin.php:901
Stack trace:
#0 {main}
  thrown in C:\laragon\www\schobank\pages\admin\data_riwayat_transaksi_admin.php on line 901
[04-Jan-2026 14:47:20 Asia/Jakarta] PHP Fatal error:  Uncaught TypeError: Unsupported operand types: string - int in C:\laragon\www\schobank\pages\admin\data_riwayat_transaksi_admin.php:901
Stack trace:
#0 {main}
  thrown in C:\laragon\www\schobank\pages\admin\data_riwayat_transaksi_admin.php on line 901
[04-Jan-2026 14:47:21 Asia/Jakarta] PHP Fatal error:  Uncaught TypeError: Unsupported operand types: string - int in C:\laragon\www\schobank\pages\admin\data_riwayat_transaksi_admin.php:901
Stack trace:
#0 {main}
  thrown in C:\laragon\www\schobank\pages\admin\data_riwayat_transaksi_admin.php on line 901
[04-Jan-2026 14:47:21 Asia/Jakarta] PHP Fatal error:  Uncaught TypeError: Unsupported operand types: string - int in C:\laragon\www\schobank\pages\admin\data_riwayat_transaksi_admin.php:901
Stack trace:
#0 {main}
  thrown in C:\laragon\www\schobank\pages\admin\data_riwayat_transaksi_admin.php on line 901
[04-Jan-2026 14:47:21 Asia/Jakarta] PHP Fatal error:  Uncaught TypeError: Unsupported operand types: string - int in C:\laragon\www\schobank\pages\admin\data_riwayat_transaksi_admin.php:901
Stack trace:
#0 {main}
  thrown in C:\laragon\www\schobank\pages\admin\data_riwayat_transaksi_admin.php on line 901
[04-Jan-2026 14:47:21 Asia/Jakarta] PHP Fatal error:  Uncaught TypeError: Unsupported operand types: string - int in C:\laragon\www\schobank\pages\admin\data_riwayat_transaksi_admin.php:901
Stack trace:
#0 {main}
  thrown in C:\laragon\www\schobank\pages\admin\data_riwayat_transaksi_admin.php on line 901
[04-Jan-2026 14:47:21 Asia/Jakarta] PHP Fatal error:  Uncaught TypeError: Unsupported operand types: string - int in C:\laragon\www\schobank\pages\admin\data_riwayat_transaksi_admin.php:901
Stack trace:
#0 {main}
  thrown in C:\laragon\www\schobank\pages\admin\data_riwayat_transaksi_admin.php on line 901
[04-Jan-2026 14:48:15 Asia/Jakarta] PHP Fatal error:  Uncaught TypeError: Unsupported operand types: string - int in C:\laragon\www\schobank\pages\admin\data_riwayat_transaksi_admin.php:900
Stack trace:
#0 {main}
  thrown in C:\laragon\www\schobank\pages\admin\data_riwayat_transaksi_admin.php on line 900
[04-Jan-2026 14:48:16 Asia/Jakarta] PHP Fatal error:  Uncaught TypeError: Unsupported operand types: string - int in C:\laragon\www\schobank\pages\admin\data_riwayat_transaksi_admin.php:900
Stack trace:
#0 {main}
  thrown in C:\laragon\www\schobank\pages\admin\data_riwayat_transaksi_admin.php on line 900
[04-Jan-2026 14:48:16 Asia/Jakarta] PHP Fatal error:  Uncaught TypeError: Unsupported operand types: string - int in C:\laragon\www\schobank\pages\admin\data_riwayat_transaksi_admin.php:900
Stack trace:
#0 {main}
  thrown in C:\laragon\www\schobank\pages\admin\data_riwayat_transaksi_admin.php on line 900
[04-Jan-2026 14:48:16 Asia/Jakarta] PHP Fatal error:  Uncaught TypeError: Unsupported operand types: string - int in C:\laragon\www\schobank\pages\admin\data_riwayat_transaksi_admin.php:900
Stack trace:
#0 {main}
  thrown in C:\laragon\www\schobank\pages\admin\data_riwayat_transaksi_admin.php on line 900
[04-Jan-2026 14:49:27 Asia/Jakarta] PHP Fatal error:  Uncaught TypeError: Unsupported operand types: string - int in C:\laragon\www\schobank\pages\admin\data_riwayat_transaksi_admin.php:900
Stack trace:
#0 {main}
  thrown in C:\laragon\www\schobank\pages\admin\data_riwayat_transaksi_admin.php on line 900
[04-Jan-2026 14:49:28 Asia/Jakarta] PHP Fatal error:  Uncaught TypeError: Unsupported operand types: string - int in C:\laragon\www\schobank\pages\admin\data_riwayat_transaksi_admin.php:900
Stack trace:
#0 {main}
  thrown in C:\laragon\www\schobank\pages\admin\data_riwayat_transaksi_admin.php on line 900
[04-Jan-2026 14:49:28 Asia/Jakarta] PHP Fatal error:  Uncaught TypeError: Unsupported operand types: string - int in C:\laragon\www\schobank\pages\admin\data_riwayat_transaksi_admin.php:900
Stack trace:
#0 {main}
  thrown in C:\laragon\www\schobank\pages\admin\data_riwayat_transaksi_admin.php on line 900
[04-Jan-2026 14:49:28 Asia/Jakarta] PHP Fatal error:  Uncaught TypeError: Unsupported operand types: string - int in C:\laragon\www\schobank\pages\admin\data_riwayat_transaksi_admin.php:900
Stack trace:
#0 {main}
  thrown in C:\laragon\www\schobank\pages\admin\data_riwayat_transaksi_admin.php on line 900
[04-Jan-2026 14:49:28 Asia/Jakarta] PHP Fatal error:  Uncaught TypeError: Unsupported operand types: string - int in C:\laragon\www\schobank\pages\admin\data_riwayat_transaksi_admin.php:900
Stack trace:
#0 {main}
  thrown in C:\laragon\www\schobank\pages\admin\data_riwayat_transaksi_admin.php on line 900
[04-Jan-2026 14:49:29 Asia/Jakarta] PHP Fatal error:  Uncaught TypeError: Unsupported operand types: string - int in C:\laragon\www\schobank\pages\admin\data_riwayat_transaksi_admin.php:900
Stack trace:
#0 {main}
  thrown in C:\laragon\www\schobank\pages\admin\data_riwayat_transaksi_admin.php on line 900
[04-Jan-2026 15:28:45 Asia/Jakarta] PHP Fatal error:  Uncaught TypeError: Unsupported operand types: string - int in C:\laragon\www\schobank\pages\admin\data_riwayat_transaksi_admin.php:853
Stack trace:
#0 {main}
  thrown in C:\laragon\www\schobank\pages\admin\data_riwayat_transaksi_admin.php on line 853
[04-Jan-2026 15:30:58 Asia/Jakarta] PHP Warning:  Undefined variable $total_records in C:\laragon\www\schobank\pages\admin\data_riwayat_transaksi_admin.php on line 875
